<?xml version="1.0" encoding="UTF-8"?>
<!-- Generated by org.testng.reporters.JUnitReportReporter -->
<testsuite hostname="LTIN197300" failures="0" tests="1" name="testCases.TC_001_BookShelves" time="34.696" errors="0" timestamp="2024-03-22T16:23:20 IST" skipped="0">
  <testcase classname="testCases.TC_001_BookShelves" name="bookShelvesCount" time="34.696"/>
</testsuite> <!-- testCases.TC_001_BookShelves -->
