<?xml version="1.0" encoding="UTF-8"?>
<!-- Generated by org.testng.reporters.JUnitReportReporter -->
<testsuite hostname="LTIN197300" failures="0" tests="7" name="testCases.TC_002_GiftCard" time="84.414" errors="0" timestamp="2024-03-22T16:23:20 IST" skipped="0">
  <testcase classname="testCases.TC_002_GiftCard" name="test2" time="6.331"/>
  <testcase classname="testCases.TC_002_GiftCard" name="test2" time="6.298"/>
  <testcase classname="testCases.TC_002_GiftCard" name="test2" time="6.620"/>
  <testcase classname="testCases.TC_002_GiftCard" name="test2" time="7.210"/>
  <testcase classname="testCases.TC_002_GiftCard" name="test2" time="17.738"/>
  <testcase classname="testCases.TC_002_GiftCard" name="test2" time="6.655"/>
  <testcase classname="testCases.TC_002_GiftCard" name="GiftCardPageData" time="33.562"/>
</testsuite> <!-- testCases.TC_002_GiftCard -->
